<?xml version="1.0" encoding="UTF-8"?>
<testng-results skipped="0" failed="0" ignored="0" total="1" passed="1">
  <reporter-output>
  </reporter-output>
  <suite name="Default suite" duration-ms="15585" started-at="2020-06-16T12:45:20 IST" finished-at="2020-06-16T12:45:35 IST">
    <groups>
    </groups>
    <test name="Default test" duration-ms="15585" started-at="2020-06-16T12:45:20 IST" finished-at="2020-06-16T12:45:35 IST">
      <class name="com.Jenks.test.com.Jenks.test.JenkTest">
        <test-method status="PASS" signature="openGoogle()[pri:0, instance:com.Jenks.test.com.Jenks.test.JenkTest@50b494a6]" name="openGoogle" duration-ms="15556" started-at="2020-06-16T12:45:20 IST" finished-at="2020-06-16T12:45:35 IST">
          <reporter-output>
          </reporter-output>
        </test-method> <!-- openGoogle -->
      </class> <!-- com.Jenks.test.com.Jenks.test.JenkTest -->
    </test> <!-- Default test -->
  </suite> <!-- Default suite -->
</testng-results>
