<?xml version="1.0" encoding="UTF-8"?>
<testng-results skipped="0" failed="0" total="1" passed="1">
  <reporter-output>
  </reporter-output>
  <suite name="Suite" duration-ms="45978" started-at="2020-06-17T06:42:41Z" finished-at="2020-06-17T06:43:27Z">
    <groups>
    </groups>
    <test name="Test" duration-ms="45978" started-at="2020-06-17T06:42:41Z" finished-at="2020-06-17T06:43:27Z">
      <class name="com.Jenks.test.com.Jenks.test.JenkTest">
        <test-method status="PASS" signature="openGoogle()[pri:0, instance:com.Jenks.test.com.Jenks.test.JenkTest@60f82f98]" name="openGoogle" duration-ms="45954" started-at="2020-06-17T12:12:41Z" finished-at="2020-06-17T12:13:27Z">
          <reporter-output>
          </reporter-output>
        </test-method> <!-- openGoogle -->
      </class> <!-- com.Jenks.test.com.Jenks.test.JenkTest -->
    </test> <!-- Test -->
  </suite> <!-- Suite -->
</testng-results>
